<?xml version="1.0" encoding="UTF-8"?>
<testng-results skipped="0" failed="0" ignored="0" total="1" passed="1">
  <reporter-output>
  </reporter-output>
  <suite name="Default suite" duration-ms="10044" started-at="2019-11-02T12:34:51 UTC" finished-at="2019-11-02T12:35:01 UTC">
    <groups>
    </groups>
    <test name="Default test" duration-ms="10044" started-at="2019-11-02T12:34:51 UTC" finished-at="2019-11-02T12:35:01 UTC">
      <class name="TestNG.VerifyLoginTest">
        <test-method status="PASS" signature="launch()[pri:0, instance:TestNG.VerifyLoginTest@3108bc]" name="launch" is-config="true" duration-ms="5861" started-at="2019-11-02T12:34:51 UTC" finished-at="2019-11-02T12:34:57 UTC">
          <reporter-output>
          </reporter-output>
        </test-method> <!-- launch -->
        <test-method status="PASS" signature="verifyLogin()[pri:0, instance:TestNG.VerifyLoginTest@3108bc]" name="verifyLogin" duration-ms="358" started-at="2019-11-02T12:34:57 UTC" finished-at="2019-11-02T12:34:57 UTC">
          <reporter-output>
          </reporter-output>
        </test-method> <!-- verifyLogin -->
        <test-method status="PASS" signature="close()[pri:0, instance:TestNG.VerifyLoginTest@3108bc]" name="close" is-config="true" duration-ms="3741" started-at="2019-11-02T12:34:57 UTC" finished-at="2019-11-02T12:35:01 UTC">
          <reporter-output>
          </reporter-output>
        </test-method> <!-- close -->
      </class> <!-- TestNG.VerifyLoginTest -->
    </test> <!-- Default test -->
  </suite> <!-- Default suite -->
</testng-results>
